<?xml version="1.0" encoding="UTF-8" ?>
<testsuite errors="0" failures="4" hostname="Gauss" name="ca.uqac.lif.cornipickle.CornipickleParserTest" skipped="0" tests="18" time="0.875" timestamp="2015-06-29T18:48:59">
  <properties>
[...]
</properties>
  <testcase classname="ca.uqac.lif.cornipickle.CornipickleParserTest" name="testLet1" time="0.076" />
  <testcase classname="ca.uqac.lif.cornipickle.CornipickleParserTest" name="testCssSelector1" time="0.033" />
  <testcase classname="ca.uqac.lif.cornipickle.CornipickleParserTest" name="testCssSelector2" time="0.035" />
  <testcase classname="ca.uqac.lif.cornipickle.CornipickleParserTest" name="testProperty1" time="0.017" />
  <testcase classname="ca.uqac.lif.cornipickle.CornipickleParserTest" name="testProperty2" time="0.012" />
  <testcase classname="ca.uqac.lif.cornipickle.CornipickleParserTest" name="testUserDefinedSet1" time="0.016" />
  <testcase classname="ca.uqac.lif.cornipickle.CornipickleParserTest" name="testUserDefinedSet2" time="0.014" />
  <testcase classname="ca.uqac.lif.cornipickle.CornipickleParserTest" name="testPredicate1" time="0.027" />
  <testcase classname="ca.uqac.lif.cornipickle.CornipickleParserTest" name="testPredicate2" time="0.02" />
  <testcase classname="ca.uqac.lif.cornipickle.CornipickleParserTest" name="testForEach1" time="0.013" />
  <testcase classname="ca.uqac.lif.cornipickle.CornipickleParserTest" name="testForEach2" time="0.008" />
  <testcase classname="ca.uqac.lif.cornipickle.CornipickleParserTest" name="testAddition1" time="0.016">
    <failure message="Failed parsing expression through grammar: returned null" type="junit.framework.AssertionFailedError">junit.framework.AssertionFailedError: Failed parsing expression through grammar: returned null
	at ca.uqac.lif.cornipickle.CornipickleParserTest.shouldParseAndNotNull(Unknown Source)
	at ca.uqac.lif.cornipickle.CornipickleParserTest.testAddition1(Unknown Source)
</failure>
  </testcase>
  <testcase classname="ca.uqac.lif.cornipickle.CornipickleParserTest" name="testAddition2" time="0.011">
    <failure message="Failed parsing expression through grammar: returned null" type="junit.framework.AssertionFailedError">junit.framework.AssertionFailedError: Failed parsing expression through grammar: returned null
	at ca.uqac.lif.cornipickle.CornipickleParserTest.shouldParseAndNotNull(Unknown Source)
	at ca.uqac.lif.cornipickle.CornipickleParserTest.testAddition2(Unknown Source)
</failure>
  </testcase>
  <testcase classname="ca.uqac.lif.cornipickle.CornipickleParserTest" name="testExists" time="0.022">
    <failure message="Failed parsing expression through grammar: returned null" type="junit.framework.AssertionFailedError">junit.framework.AssertionFailedError: Failed parsing expression through grammar: returned null
	at ca.uqac.lif.cornipickle.CornipickleParserTest.shouldParseAndNotNull(Unknown Source)
	at ca.uqac.lif.cornipickle.CornipickleParserTest.testExists(Unknown Source)
</failure>
  </testcase>
  <testcase classname="ca.uqac.lif.cornipickle.CornipickleParserTest" name="testEquality1" time="0.007" />
  <testcase classname="ca.uqac.lif.cornipickle.CornipickleParserTest" name="testEquality2" time="0.008" />
  <testcase classname="ca.uqac.lif.cornipickle.CornipickleParserTest" name="testEquality3" time="0.007">
    <failure message="Failed parsing expression through grammar: returned null" type="junit.framework.AssertionFailedError">junit.framework.AssertionFailedError: Failed parsing expression through grammar: returned null
	at ca.uqac.lif.cornipickle.CornipickleParserTest.shouldParseAndNotNull(Unknown Source)
	at ca.uqac.lif.cornipickle.CornipickleParserTest.testEquality3(Unknown Source)
</failure>
  </testcase>
  <testcase classname="ca.uqac.lif.cornipickle.CornipickleParserTest" name="testNextTime1" time="0.01" />
  <system-out><![CDATA[]]></system-out>
  <system-err><![CDATA[]]></system-err>
</testsuite>
