<?xml version="1.0" encoding="UTF-8" ?>
<testsuite errors="0" failures="0" hostname="Gauss" name="ca.uqac.lif.cornipickle.CssTest" skipped="0" tests="4" time="0.726" timestamp="2015-06-29T18:49:00">
  <properties>
[...]
</properties>
  <testcase classname="ca.uqac.lif.cornipickle.CssTest" name="testCssFetch1" time="0.1" />
  <testcase classname="ca.uqac.lif.cornipickle.CssTest" name="testCssFetch2" time="0.018" />
  <testcase classname="ca.uqac.lif.cornipickle.CssTest" name="testCssFetch3" time="0.026" />
  <testcase classname="ca.uqac.lif.cornipickle.CssTest" name="testCssFetch4" time="0.015" />
  <system-out><![CDATA[]]></system-out>
  <system-err><![CDATA[]]></system-err>
</testsuite>
