<?xml version="1.0" encoding="UTF-8" ?>
<testsuites>
  <testsuite errors="0" failures="4" hostname="Gauss" id="0" name="CornipickleParserTest" package="ca.uqac.lif.cornipickle" skipped="0" tests="18" time="0.875" timestamp="2015-06-29T18:48:59">
      <properties>
[...]
</properties>

      <testcase classname="ca.uqac.lif.cornipickle.CornipickleParserTest" name="testLet1" time="0.076" />

      <testcase classname="ca.uqac.lif.cornipickle.CornipickleParserTest" name="testCssSelector1" time="0.033" />

      <testcase classname="ca.uqac.lif.cornipickle.CornipickleParserTest" name="testCssSelector2" time="0.035" />

      <testcase classname="ca.uqac.lif.cornipickle.CornipickleParserTest" name="testProperty1" time="0.017" />

      <testcase classname="ca.uqac.lif.cornipickle.CornipickleParserTest" name="testProperty2" time="0.012" />

      <testcase classname="ca.uqac.lif.cornipickle.CornipickleParserTest" name="testUserDefinedSet1" time="0.016" />

      <testcase classname="ca.uqac.lif.cornipickle.CornipickleParserTest" name="testUserDefinedSet2" time="0.014" />

      <testcase classname="ca.uqac.lif.cornipickle.CornipickleParserTest" name="testPredicate1" time="0.027" />

      <testcase classname="ca.uqac.lif.cornipickle.CornipickleParserTest" name="testPredicate2" time="0.02" />

      <testcase classname="ca.uqac.lif.cornipickle.CornipickleParserTest" name="testForEach1" time="0.013" />

      <testcase classname="ca.uqac.lif.cornipickle.CornipickleParserTest" name="testForEach2" time="0.008" />

      <testcase classname="ca.uqac.lif.cornipickle.CornipickleParserTest" name="testAddition1" time="0.016">
          <failure message="Failed parsing expression through grammar: returned null" type="junit.framework.AssertionFailedError">junit.framework.AssertionFailedError: Failed parsing expression through grammar: returned null
	at ca.uqac.lif.cornipickle.CornipickleParserTest.shouldParseAndNotNull(Unknown Source)
	at ca.uqac.lif.cornipickle.CornipickleParserTest.testAddition1(Unknown Source)
</failure>

      </testcase>

      <testcase classname="ca.uqac.lif.cornipickle.CornipickleParserTest" name="testAddition2" time="0.011">
          <failure message="Failed parsing expression through grammar: returned null" type="junit.framework.AssertionFailedError">junit.framework.AssertionFailedError: Failed parsing expression through grammar: returned null
	at ca.uqac.lif.cornipickle.CornipickleParserTest.shouldParseAndNotNull(Unknown Source)
	at ca.uqac.lif.cornipickle.CornipickleParserTest.testAddition2(Unknown Source)
</failure>

      </testcase>

      <testcase classname="ca.uqac.lif.cornipickle.CornipickleParserTest" name="testExists" time="0.022">
          <failure message="Failed parsing expression through grammar: returned null" type="junit.framework.AssertionFailedError">junit.framework.AssertionFailedError: Failed parsing expression through grammar: returned null
	at ca.uqac.lif.cornipickle.CornipickleParserTest.shouldParseAndNotNull(Unknown Source)
	at ca.uqac.lif.cornipickle.CornipickleParserTest.testExists(Unknown Source)
</failure>

      </testcase>

      <testcase classname="ca.uqac.lif.cornipickle.CornipickleParserTest" name="testEquality1" time="0.007" />

      <testcase classname="ca.uqac.lif.cornipickle.CornipickleParserTest" name="testEquality2" time="0.008" />

      <testcase classname="ca.uqac.lif.cornipickle.CornipickleParserTest" name="testEquality3" time="0.007">
          <failure message="Failed parsing expression through grammar: returned null" type="junit.framework.AssertionFailedError">junit.framework.AssertionFailedError: Failed parsing expression through grammar: returned null
	at ca.uqac.lif.cornipickle.CornipickleParserTest.shouldParseAndNotNull(Unknown Source)
	at ca.uqac.lif.cornipickle.CornipickleParserTest.testEquality3(Unknown Source)
</failure>

      </testcase>

      <testcase classname="ca.uqac.lif.cornipickle.CornipickleParserTest" name="testNextTime1" time="0.01" />

      <system-out />

      <system-err />

  </testsuite>
  <testsuite errors="0" failures="0" hostname="Gauss" id="1" name="CssTest" package="ca.uqac.lif.cornipickle" skipped="0" tests="4" time="0.726" timestamp="2015-06-29T18:49:00">
      <properties>
[...]
</properties>

      <testcase classname="ca.uqac.lif.cornipickle.CssTest" name="testCssFetch1" time="0.1" />

      <testcase classname="ca.uqac.lif.cornipickle.CssTest" name="testCssFetch2" time="0.018" />

      <testcase classname="ca.uqac.lif.cornipickle.CssTest" name="testCssFetch3" time="0.026" />

      <testcase classname="ca.uqac.lif.cornipickle.CssTest" name="testCssFetch4" time="0.015" />

      <system-out />

      <system-err />

  </testsuite>
  <testsuite errors="0" failures="0" hostname="Gauss" id="2" name="EvaluationTest" package="ca.uqac.lif.cornipickle" skipped="0" tests="12" time="0.84" timestamp="2015-06-29T18:49:02">
      <properties>
[...]
</properties>

      <testcase classname="ca.uqac.lif.cornipickle.EvaluationTest" name="testLet1" time="0.091" />

      <testcase classname="ca.uqac.lif.cornipickle.EvaluationTest" name="testForAll1" time="0.001" />

      <testcase classname="ca.uqac.lif.cornipickle.EvaluationTest" name="testForAll2" time="0.001" />

      <testcase classname="ca.uqac.lif.cornipickle.EvaluationTest" name="testForAll3" time="0.001" />

      <testcase classname="ca.uqac.lif.cornipickle.EvaluationTest" name="testProperty1" time="0.001" />

      <testcase classname="ca.uqac.lif.cornipickle.EvaluationTest" name="testProperty2" time="0.0" />

      <testcase classname="ca.uqac.lif.cornipickle.EvaluationTest" name="testProperty3" time="0.0" />

      <testcase classname="ca.uqac.lif.cornipickle.EvaluationTest" name="testEquality1" time="0.001" />

      <testcase classname="ca.uqac.lif.cornipickle.EvaluationTest" name="testEquality2" time="0.005" />

      <testcase classname="ca.uqac.lif.cornipickle.EvaluationTest" name="testNextTime1" time="0.058" />

      <testcase classname="ca.uqac.lif.cornipickle.EvaluationTest" name="testNextTime2" time="0.044" />

      <testcase classname="ca.uqac.lif.cornipickle.EvaluationTest" name="testNextTime3" time="0.038" />

      <system-out />

      <system-err />

  </testsuite>
  <testsuite errors="0" failures="0" hostname="Gauss" id="3" name="FullLoop" package="ca.uqac.lif.cornipickle" skipped="0" tests="2" time="1.022" timestamp="2015-06-29T18:49:03">
      <properties>
[...]
</properties>

      <testcase classname="ca.uqac.lif.cornipickle.FullLoop" name="testForEach1" time="0.335" />

      <testcase classname="ca.uqac.lif.cornipickle.FullLoop" name="testForEach2" time="0.211" />

      <system-out />

      <system-err />

  </testsuite>
  <testsuite errors="0" failures="1" hostname="Gauss" id="4" name="GrammarTest" package="ca.uqac.lif.cornipickle" skipped="0" tests="19" time="0.843" timestamp="2015-06-29T18:49:05">
      <properties>
[...]
</properties>

      <testcase classname="ca.uqac.lif.cornipickle.GrammarTest" name="testExists1" time="0.056">
          <failure message="Failed parsing through grammar: returned null" type="junit.framework.AssertionFailedError">junit.framework.AssertionFailedError: Failed parsing through grammar: returned null
	at ca.uqac.lif.cornipickle.GrammarTest.shouldParseAndNotNull(Unknown Source)
	at ca.uqac.lif.cornipickle.GrammarTest.testExists1(Unknown Source)
</failure>

      </testcase>

      <testcase classname="ca.uqac.lif.cornipickle.GrammarTest" name="testLet1" time="0.024" />

      <testcase classname="ca.uqac.lif.cornipickle.GrammarTest" name="testCssSelector1" time="0.023" />

      <testcase classname="ca.uqac.lif.cornipickle.GrammarTest" name="testCssSelector2" time="0.022" />

      <testcase classname="ca.uqac.lif.cornipickle.GrammarTest" name="testUserDefinedSet1" time="0.014" />

      <testcase classname="ca.uqac.lif.cornipickle.GrammarTest" name="testUserDefinedSet2" time="0.012" />

      <testcase classname="ca.uqac.lif.cornipickle.GrammarTest" name="testPredicate1" time="0.016" />

      <testcase classname="ca.uqac.lif.cornipickle.GrammarTest" name="testPredicate2" time="0.012" />

      <testcase classname="ca.uqac.lif.cornipickle.GrammarTest" name="testForEach1" time="0.009" />

      <testcase classname="ca.uqac.lif.cornipickle.GrammarTest" name="testForEach2" time="0.01" />

      <testcase classname="ca.uqac.lif.cornipickle.GrammarTest" name="testForEach3" time="0.01" />

      <testcase classname="ca.uqac.lif.cornipickle.GrammarTest" name="testForEach4" time="0.018" />

      <testcase classname="ca.uqac.lif.cornipickle.GrammarTest" name="testIfThen1" time="0.014" />

      <testcase classname="ca.uqac.lif.cornipickle.GrammarTest" name="testElementProperty1" time="0.018" />

      <testcase classname="ca.uqac.lif.cornipickle.GrammarTest" name="testElementProperty2" time="0.006" />

      <testcase classname="ca.uqac.lif.cornipickle.GrammarTest" name="testEquality1" time="0.007" />

      <testcase classname="ca.uqac.lif.cornipickle.GrammarTest" name="testEquality2" time="0.005" />

      <testcase classname="ca.uqac.lif.cornipickle.GrammarTest" name="testRegexCapture" time="0.005" />

      <testcase classname="ca.uqac.lif.cornipickle.GrammarTest" name="testNextTime1" time="0.007" />

      <system-out />

      <system-err><![CDATA[Considering input 'A tomato is any of "abc"' with rule <def_set> := A <def_set_name> is any of <def_set_elements>
Alternative A <def_set_name> is any of <def_set_elements>
  Considering input 'tomato is any of "abc"' with rule <def_set_name> := ^.*?(?=is)
  Alternative ^.*?(?=is)
  Considering input '"abc"' with rule <def_set_elements> := <def_set_element> , <def_set_elements> | <def_set_element>
  Alternative <def_set_element> , <def_set_elements>
    Considering input '"abc"' with rule <def_set_element> := <constant>
    Alternative <constant>
      Considering input '"abc"' with rule <constant> := <number> | <string>
      Alternative <number>
        Considering input '"abc"' with rule <number> := ^\d+
        Alternative ^\d+
        FAILED parsing with case ^\d+
        FAILED: expected more symbols with rule <number> := ^\d+
      FAILED parsing input "abc" with rule <constant> := <number> | <string>
      Alternative <string>
        Considering input '"abc"' with rule <string> := ^"[^"]*"
        Alternative ^"[^"]*"
  Alternative <def_set_element>
    Considering input '"abc"' with rule <def_set_element> := <constant>
    Alternative <constant>
      Considering input '"abc"' with rule <constant> := <number> | <string>
      Alternative <number>
        Considering input '"abc"' with rule <number> := ^\d+
        Alternative ^\d+
        FAILED parsing with case ^\d+
        FAILED: expected more symbols with rule <number> := ^\d+
      FAILED parsing input "abc" with rule <constant> := <number> | <string>
      Alternative <string>
        Considering input '"abc"' with rule <string> := ^"[^"]*"
        Alternative ^"[^"]*"
]]></system-err>

  </testsuite>
  <testsuite errors="0" failures="0" hostname="Gauss" id="5" name="JsonTest" package="ca.uqac.lif.cornipickle" skipped="0" tests="13" time="0.707" timestamp="2015-06-29T18:49:07">
      <properties>
[...]
</properties>

      <testcase classname="ca.uqac.lif.cornipickle.JsonTest" name="testSimpleList" time="0.047" />

      <testcase classname="ca.uqac.lif.cornipickle.JsonTest" name="testParser1" time="0.01" />

      <testcase classname="ca.uqac.lif.cornipickle.JsonTest" name="testParser2" time="0.003" />

      <testcase classname="ca.uqac.lif.cornipickle.JsonTest" name="testParser3" time="0.003" />

      <testcase classname="ca.uqac.lif.cornipickle.JsonTest" name="testParser4" time="0.006" />

      <testcase classname="ca.uqac.lif.cornipickle.JsonTest" name="testGet1" time="0.009" />

      <testcase classname="ca.uqac.lif.cornipickle.JsonTest" name="testGet2" time="0.006" />

      <testcase classname="ca.uqac.lif.cornipickle.JsonTest" name="testSimpleObject" time="0.006" />

      <testcase classname="ca.uqac.lif.cornipickle.JsonTest" name="testNumber" time="0.005" />

      <testcase classname="ca.uqac.lif.cornipickle.JsonTest" name="testSample" time="0.022" />

      <testcase classname="ca.uqac.lif.cornipickle.JsonTest" name="testString" time="0.003" />

      <testcase classname="ca.uqac.lif.cornipickle.JsonTest" name="testParserLarge1" time="0.049" />

      <testcase classname="ca.uqac.lif.cornipickle.JsonTest" name="testParserLarge2" time="0.023" />

      <system-out />

      <system-err />

  </testsuite>
  <testsuite errors="0" failures="0" hostname="Gauss" id="6" name="WitnessTest" package="ca.uqac.lif.cornipickle" skipped="0" tests="3" time="0.793" timestamp="2015-06-29T18:49:08">
      <properties>
[...]
</properties>

      <testcase classname="ca.uqac.lif.cornipickle.WitnessTest" name="testEquality1" time="0.131" />

      <testcase classname="ca.uqac.lif.cornipickle.WitnessTest" name="testEquality2" time="0.096" />

      <testcase classname="ca.uqac.lif.cornipickle.WitnessTest" name="testEquality3" time="0.078" />

      <system-out />

      <system-err />

  </testsuite>
</testsuites>
